0 info it worked if it ends with ok
1 verbose cli [ '/usr/bin/node', '/usr/bin/npm', 'install', '-g', 'jshint' ]
2 info using npm@1.4.28
3 info using node@v0.10.36
4 verbose node symlink /usr/bin/node
5 verbose cache add [ 'jshint', null ]
6 verbose cache add name=undefined spec="jshint" args=["jshint",null]
7 verbose parsed url { protocol: null,
7 verbose parsed url   slashes: null,
7 verbose parsed url   auth: null,
7 verbose parsed url   host: null,
7 verbose parsed url   port: null,
7 verbose parsed url   hostname: null,
7 verbose parsed url   hash: null,
7 verbose parsed url   search: null,
7 verbose parsed url   query: null,
7 verbose parsed url   pathname: 'jshint',
7 verbose parsed url   path: 'jshint',
7 verbose parsed url   href: 'jshint' }
8 silly lockFile da5c03cb-jshint jshint
9 verbose lock jshint /home/zhenya/.npm/da5c03cb-jshint.lock
10 silly lockFile da5c03cb-jshint jshint
11 silly lockFile da5c03cb-jshint jshint
12 verbose addNamed [ 'jshint', '' ]
13 verbose addNamed [ null, '*' ]
14 silly lockFile a02a2468-jshint jshint@
15 verbose lock jshint@ /home/zhenya/.npm/a02a2468-jshint.lock
16 silly addNameRange { name: 'jshint', range: '*', hasData: false }
17 verbose request where is /jshint
18 verbose request registry https://registry.npmjs.org/
19 verbose request id 4f9ebfc73fea9236
20 verbose url raw /jshint
21 verbose url resolving [ 'https://registry.npmjs.org/', './jshint' ]
22 verbose url resolved https://registry.npmjs.org/jshint
23 verbose request where is https://registry.npmjs.org/jshint
24 info trying registry request attempt 1 at 00:07:50
25 http GET https://registry.npmjs.org/jshint
26 http 200 https://registry.npmjs.org/jshint
27 silly registry.get cb [ 200,
27 silly registry.get   { date: 'Sun, 22 Mar 2015 23:07:50 GMT',
27 silly registry.get     server: 'CouchDB/1.5.0 (Erlang OTP/R16B03)',
27 silly registry.get     etag: '"2841K6ZMUDNN0W1YNZ2MILQXS"',
27 silly registry.get     'content-type': 'application/json',
27 silly registry.get     'cache-control': 'max-age=60',
27 silly registry.get     'content-length': '96399',
27 silly registry.get     'accept-ranges': 'bytes',
27 silly registry.get     via: '1.1 varnish',
27 silly registry.get     age: '20',
27 silly registry.get     'x-served-by': 'cache-ams4127-AMS',
27 silly registry.get     'x-cache': 'HIT',
27 silly registry.get     'x-cache-hits': '1',
27 silly registry.get     'x-timer': 'S1427065670.665568,VS0,VE0',
27 silly registry.get     vary: 'Accept',
27 silly registry.get     'keep-alive': 'timeout=10, max=50',
27 silly registry.get     connection: 'Keep-Alive' } ]
28 silly addNameRange number 2 { name: 'jshint', range: '*', hasData: true }
29 silly addNameRange versions [ 'jshint',
29 silly addNameRange   [ '0.1.8',
29 silly addNameRange     '0.1.9',
29 silly addNameRange     '0.2.0',
29 silly addNameRange     '0.2.1',
29 silly addNameRange     '0.2.2',
29 silly addNameRange     '0.2.3',
29 silly addNameRange     '0.3.0',
29 silly addNameRange     '0.3.1',
29 silly addNameRange     '0.4.0',
29 silly addNameRange     '0.5.0',
29 silly addNameRange     '0.5.1',
29 silly addNameRange     '0.5.2',
29 silly addNameRange     '0.5.3',
29 silly addNameRange     '0.5.4',
29 silly addNameRange     '0.5.5',
29 silly addNameRange     '0.5.6',
29 silly addNameRange     '0.5.7',
29 silly addNameRange     '0.5.8',
29 silly addNameRange     '0.5.9',
29 silly addNameRange     '0.6.0',
29 silly addNameRange     '0.6.1',
29 silly addNameRange     '0.6.2',
29 silly addNameRange     '0.6.3',
29 silly addNameRange     '0.7.0',
29 silly addNameRange     '0.7.1',
29 silly addNameRange     '0.7.2',
29 silly addNameRange     '0.7.3',
29 silly addNameRange     '0.8.0',
29 silly addNameRange     '0.8.1',
29 silly addNameRange     '0.8.2',
29 silly addNameRange     '0.9.0',
29 silly addNameRange     '0.9.1',
29 silly addNameRange     '1.0.0',
29 silly addNameRange     '1.1.0',
29 silly addNameRange     '2.0.0',
29 silly addNameRange     '2.0.1',
29 silly addNameRange     '2.1.0',
29 silly addNameRange     '2.1.1',
29 silly addNameRange     '2.1.2',
29 silly addNameRange     '2.1.3',
29 silly addNameRange     '2.1.4',
29 silly addNameRange     '2.1.5',
29 silly addNameRange     '2.1.6',
29 silly addNameRange     '2.1.7',
29 silly addNameRange     '2.1.8',
29 silly addNameRange     '2.1.9',
29 silly addNameRange     '2.1.10',
29 silly addNameRange     '2.1.11',
29 silly addNameRange     '2.2.0',
29 silly addNameRange     '2.3.0',
29 silly addNameRange     '2.4.0',
29 silly addNameRange     '2.4.1',
29 silly addNameRange     '2.4.2',
29 silly addNameRange     '2.4.3',
29 silly addNameRange     '2.4.4',
29 silly addNameRange     '2.5.0',
29 silly addNameRange     '2.5.1',
29 silly addNameRange     '2.5.2',
29 silly addNameRange     '2.5.3',
29 silly addNameRange     '2.5.4',
29 silly addNameRange     '2.5.5',
29 silly addNameRange     '2.5.6',
29 silly addNameRange     '2.5.7',
29 silly addNameRange     '2.5.8',
29 silly addNameRange     '2.5.9',
29 silly addNameRange     '2.5.10',
29 silly addNameRange     '2.5.11',
29 silly addNameRange     '2.6.0',
29 silly addNameRange     '2.6.1',
29 silly addNameRange     '2.6.2',
29 silly addNameRange     '2.6.3' ] ]
30 verbose addNamed [ 'jshint', '2.6.3' ]
31 verbose addNamed [ '2.6.3', '2.6.3' ]
32 silly lockFile 9cb6af4f-jshint-2-6-3 jshint@2.6.3
33 verbose lock jshint@2.6.3 /home/zhenya/.npm/9cb6af4f-jshint-2-6-3.lock
34 silly lockFile d3eabb3d-pmjs-org-jshint-jshint-2-6-3-tgz https://registry.npmjs.org/jshint/-/jshint-2.6.3.tgz
35 verbose lock https://registry.npmjs.org/jshint/-/jshint-2.6.3.tgz /home/zhenya/.npm/d3eabb3d-pmjs-org-jshint-jshint-2-6-3-tgz.lock
36 verbose addRemoteTarball [ 'https://registry.npmjs.org/jshint/-/jshint-2.6.3.tgz',
36 verbose addRemoteTarball   '84b470b8e5d5cd7adf0a3bd4975250443c9d311a' ]
37 info retry fetch attempt 1 at 00:07:50
38 verbose fetch to= /tmp/npm-5480-lBHeNluU/registry.npmjs.org/jshint/-/jshint-2.6.3.tgz
39 http GET https://registry.npmjs.org/jshint/-/jshint-2.6.3.tgz
40 http 200 https://registry.npmjs.org/jshint/-/jshint-2.6.3.tgz
41 silly lockFile d3eabb3d-pmjs-org-jshint-jshint-2-6-3-tgz https://registry.npmjs.org/jshint/-/jshint-2.6.3.tgz
42 silly lockFile d3eabb3d-pmjs-org-jshint-jshint-2-6-3-tgz https://registry.npmjs.org/jshint/-/jshint-2.6.3.tgz
43 silly lockFile 9cb6af4f-jshint-2-6-3 jshint@2.6.3
44 silly lockFile 9cb6af4f-jshint-2-6-3 jshint@2.6.3
45 silly lockFile a02a2468-jshint jshint@
46 silly lockFile a02a2468-jshint jshint@
47 silly resolved [ { name: 'jshint',
47 silly resolved     version: '2.6.3',
47 silly resolved     homepage: 'http://jshint.com/',
47 silly resolved     description: 'Static analysis tool for JavaScript',
47 silly resolved     author:
47 silly resolved      { name: 'Anton Kovalyov',
47 silly resolved        email: 'anton@kovalyov.net',
47 silly resolved        url: 'http://anton.kovalyov.net/' },
47 silly resolved     repository: { type: 'git', url: 'https://github.com/jshint/jshint.git' },
47 silly resolved     bugs: { url: 'https://github.com/jshint/jshint/issues' },
47 silly resolved     bin: { jshint: './bin/jshint' },
47 silly resolved     scripts:
47 silly resolved      { build: 'node bin/build',
47 silly resolved        coverage: 'istanbul -- cover ./node_modules/.bin/nodeunit tests/unit',
47 silly resolved        data: 'node scripts/generate-identifier-data',
47 silly resolved        pretest: 'jshint src && jscs src',
47 silly resolved        test: 'nodeunit tests tests/regression tests/unit' },
47 silly resolved     main: './src/jshint.js',
47 silly resolved     dependencies:
47 silly resolved      { cli: '0.6.x',
47 silly resolved        'console-browserify': '1.1.x',
47 silly resolved        exit: '0.1.x',
47 silly resolved        htmlparser2: '3.8.x',
47 silly resolved        minimatch: '1.0.x',
47 silly resolved        shelljs: '0.3.x',
47 silly resolved        'strip-json-comments': '1.0.x',
47 silly resolved        underscore: '1.6.x' },
47 silly resolved     devDependencies:
47 silly resolved      { browserify: '6.x',
47 silly resolved        coveralls: '2.11.x',
47 silly resolved        istanbul: '0.3.x',
47 silly resolved        jscs: '1.11.x',
47 silly resolved        jshint: '2.5.x',
47 silly resolved        'mock-stdin': '0.3.x',
47 silly resolved        nodeunit: '0.9.x',
47 silly resolved        regenerate: '1.0.x',
47 silly resolved        sinon: '1.11.x',
47 silly resolved        'unicode-6.3.0': '0.1.x' },
47 silly resolved     licenses: [ [Object] ],
47 silly resolved     preferGlobal: true,
47 silly resolved     files: [ 'bin', 'data', 'dist', 'src' ],
47 silly resolved     gitHead: '983fc8de62dc826670b7af8e64fd67de0a4d1a27',
47 silly resolved     _id: 'jshint@2.6.3',
47 silly resolved     _shasum: '84b470b8e5d5cd7adf0a3bd4975250443c9d311a',
47 silly resolved     _from: 'jshint@',
47 silly resolved     _npmVersion: '2.1.18',
47 silly resolved     _nodeVersion: '0.10.35',
47 silly resolved     _npmUser: { name: 'rwaldron', email: 'waldron.rick@gmail.com' },
47 silly resolved     maintainers: [ [Object], [Object] ],
47 silly resolved     dist:
47 silly resolved      { shasum: '84b470b8e5d5cd7adf0a3bd4975250443c9d311a',
47 silly resolved        tarball: 'http://registry.npmjs.org/jshint/-/jshint-2.6.3.tgz' },
47 silly resolved     directories: {},
47 silly resolved     _resolved: 'https://registry.npmjs.org/jshint/-/jshint-2.6.3.tgz' } ]
48 info install jshint@2.6.3 into /usr/lib
49 info installOne jshint@2.6.3
50 verbose lib/node_modules/jshint unbuild
51 verbose tar unpack /home/zhenya/.npm/jshint/2.6.3/package.tgz
52 silly lockFile 5d4bbf58-tar-usr-lib-node-modules-jshint tar:///usr/lib/node_modules/jshint
53 verbose lock tar:///usr/lib/node_modules/jshint /home/zhenya/.npm/5d4bbf58-tar-usr-lib-node-modules-jshint.lock
54 silly lockFile 8114414d-nya-npm-jshint-2-6-3-package-tgz tar:///home/zhenya/.npm/jshint/2.6.3/package.tgz
55 verbose lock tar:///home/zhenya/.npm/jshint/2.6.3/package.tgz /home/zhenya/.npm/8114414d-nya-npm-jshint-2-6-3-package-tgz.lock
56 silly gunzTarPerm modes [ '755', '644' ]
57 error Error: EACCES, mkdir '/usr/lib/node_modules/jshint'
57 error  { [Error: EACCES, mkdir '/usr/lib/node_modules/jshint']
57 error   errno: 3,
57 error   code: 'EACCES',
57 error   path: '/usr/lib/node_modules/jshint',
57 error   fstream_type: 'Directory',
57 error   fstream_path: '/usr/lib/node_modules/jshint',
57 error   fstream_class: 'DirWriter',
57 error   fstream_stack:
57 error    [ '/usr/lib/node_modules/npm/node_modules/fstream/lib/dir-writer.js:36:23',
57 error      '/usr/lib/node_modules/npm/node_modules/mkdirp/index.js:46:53',
57 error      'Object.oncomplete (fs.js:108:15)' ] }
58 error Please try running this command again as root/Administrator.
59 error System Linux 3.13.0-37-generic
60 error command "/usr/bin/node" "/usr/bin/npm" "install" "-g" "jshint"
61 error cwd /home/zhenya/Projects/bugzilla-prediction
62 error node -v v0.10.36
63 error npm -v 1.4.28
64 error path /usr/lib/node_modules/jshint
65 error fstream_path /usr/lib/node_modules/jshint
66 error fstream_type Directory
67 error fstream_class DirWriter
68 error code EACCES
69 error errno 3
70 error stack Error: EACCES, mkdir '/usr/lib/node_modules/jshint'
71 error fstream_stack /usr/lib/node_modules/npm/node_modules/fstream/lib/dir-writer.js:36:23
71 error fstream_stack /usr/lib/node_modules/npm/node_modules/mkdirp/index.js:46:53
71 error fstream_stack Object.oncomplete (fs.js:108:15)
72 verbose exit [ 3, true ]
